[2026-04-07 01:52:58] production.ERROR: The provided cwd "D:\Booking Core v4.0.1\Booking Core v4.0.1\booking-core4.0.1\bc-cms/../public_html" does not exist. {"exception":"[object] (Symfony\\Component\\Process\\Exception\\RuntimeException(code: 0): The provided cwd \"D:\\Booking Core v4.0.1\\Booking Core v4.0.1\\booking-core4.0.1\\bc-cms/../public_html\" does not exist. at D:\\Booking Core v4.0.1\\Booking Core v4.0.1\\booking-core4.0.1\\bc-cms\\vendor\\symfony\\process\\Process.php:341)
[stacktrace]
#0 D:\\Booking Core v4.0.1\\Booking Core v4.0.1\\booking-core4.0.1\\bc-cms\\vendor\\laravel\\framework\\src\\Illuminate\\Foundation\\Console\\ServeCommand.php(190): Symfony\\Component\\Process\\Process->start(Object(Closure))
#1 D:\\Booking Core v4.0.1\\Booking Core v4.0.1\\booking-core4.0.1\\bc-cms\\vendor\\laravel\\framework\\src\\Illuminate\\Foundation\\Console\\ServeCommand.php(129): Illuminate\\Foundation\\Console\\ServeCommand->startProcess(true)
#2 D:\\Booking Core v4.0.1\\Booking Core v4.0.1\\booking-core4.0.1\\bc-cms\\vendor\\laravel\\framework\\src\\Illuminate\\Container\\BoundMethod.php(36): Illuminate\\Foundation\\Console\\ServeCommand->handle()
#3 D:\\Booking Core v4.0.1\\Booking Core v4.0.1\\booking-core4.0.1\\bc-cms\\vendor\\laravel\\framework\\src\\Illuminate\\Container\\Util.php(43): Illuminate\\Container\\BoundMethod::Illuminate\\Container\\{closure}()
#4 D:\\Booking Core v4.0.1\\Booking Core v4.0.1\\booking-core4.0.1\\bc-cms\\vendor\\laravel\\framework\\src\\Illuminate\\Container\\BoundMethod.php(96): Illuminate\\Container\\Util::unwrapIfClosure(Object(Closure))
#5 D:\\Booking Core v4.0.1\\Booking Core v4.0.1\\booking-core4.0.1\\bc-cms\\vendor\\laravel\\framework\\src\\Illuminate\\Container\\BoundMethod.php(35): Illuminate\\Container\\BoundMethod::callBoundMethod(Object(Illuminate\\Foundation\\Application), Array, Object(Closure))
#6 D:\\Booking Core v4.0.1\\Booking Core v4.0.1\\booking-core4.0.1\\bc-cms\\vendor\\laravel\\framework\\src\\Illuminate\\Container\\Container.php(754): Illuminate\\Container\\BoundMethod::call(Object(Illuminate\\Foundation\\Application), Array, Array, NULL)
#7 D:\\Booking Core v4.0.1\\Booking Core v4.0.1\\booking-core4.0.1\\bc-cms\\vendor\\laravel\\framework\\src\\Illuminate\\Console\\Command.php(211): Illuminate\\Container\\Container->call(Array)
#8 D:\\Booking Core v4.0.1\\Booking Core v4.0.1\\booking-core4.0.1\\bc-cms\\vendor\\symfony\\console\\Command\\Command.php(318): Illuminate\\Console\\Command->execute(Object(Symfony\\Component\\Console\\Input\\ArgvInput), Object(Illuminate\\Console\\OutputStyle))
#9 D:\\Booking Core v4.0.1\\Booking Core v4.0.1\\booking-core4.0.1\\bc-cms\\vendor\\laravel\\framework\\src\\Illuminate\\Console\\Command.php(180): Symfony\\Component\\Console\\Command\\Command->run(Object(Symfony\\Component\\Console\\Input\\ArgvInput), Object(Illuminate\\Console\\OutputStyle))
#10 D:\\Booking Core v4.0.1\\Booking Core v4.0.1\\booking-core4.0.1\\bc-cms\\vendor\\symfony\\console\\Application.php(1092): Illuminate\\Console\\Command->run(Object(Symfony\\Component\\Console\\Input\\ArgvInput), Object(Symfony\\Component\\Console\\Output\\ConsoleOutput))
#11 D:\\Booking Core v4.0.1\\Booking Core v4.0.1\\booking-core4.0.1\\bc-cms\\vendor\\symfony\\console\\Application.php(341): Symfony\\Component\\Console\\Application->doRunCommand(Object(Illuminate\\Foundation\\Console\\ServeCommand), Object(Symfony\\Component\\Console\\Input\\ArgvInput), Object(Symfony\\Component\\Console\\Output\\ConsoleOutput))
#12 D:\\Booking Core v4.0.1\\Booking Core v4.0.1\\booking-core4.0.1\\bc-cms\\vendor\\symfony\\console\\Application.php(192): Symfony\\Component\\Console\\Application->doRun(Object(Symfony\\Component\\Console\\Input\\ArgvInput), Object(Symfony\\Component\\Console\\Output\\ConsoleOutput))
#13 D:\\Booking Core v4.0.1\\Booking Core v4.0.1\\booking-core4.0.1\\bc-cms\\vendor\\laravel\\framework\\src\\Illuminate\\Foundation\\Console\\Kernel.php(197): Symfony\\Component\\Console\\Application->run(Object(Symfony\\Component\\Console\\Input\\ArgvInput), Object(Symfony\\Component\\Console\\Output\\ConsoleOutput))
#14 D:\\Booking Core v4.0.1\\Booking Core v4.0.1\\booking-core4.0.1\\bc-cms\\vendor\\laravel\\framework\\src\\Illuminate\\Foundation\\Application.php(1234): Illuminate\\Foundation\\Console\\Kernel->handle(Object(Symfony\\Component\\Console\\Input\\ArgvInput), Object(Symfony\\Component\\Console\\Output\\ConsoleOutput))
#15 D:\\Booking Core v4.0.1\\Booking Core v4.0.1\\booking-core4.0.1\\bc-cms\\artisan(19): Illuminate\\Foundation\\Application->handleCommand(Object(Symfony\\Component\\Console\\Input\\ArgvInput))
#16 {main}
"} 
[2026-04-07 01:58:38] production.ERROR: The provided cwd "D:\Booking Core v4.0.1\Booking Core v4.0.1\booking-core4.0.1\bc-cms/../public_html" does not exist. {"exception":"[object] (Symfony\\Component\\Process\\Exception\\RuntimeException(code: 0): The provided cwd \"D:\\Booking Core v4.0.1\\Booking Core v4.0.1\\booking-core4.0.1\\bc-cms/../public_html\" does not exist. at D:\\Booking Core v4.0.1\\Booking Core v4.0.1\\booking-core4.0.1\\bc-cms\\vendor\\symfony\\process\\Process.php:341)
[stacktrace]
#0 D:\\Booking Core v4.0.1\\Booking Core v4.0.1\\booking-core4.0.1\\bc-cms\\vendor\\laravel\\framework\\src\\Illuminate\\Foundation\\Console\\ServeCommand.php(190): Symfony\\Component\\Process\\Process->start(Object(Closure))
#1 D:\\Booking Core v4.0.1\\Booking Core v4.0.1\\booking-core4.0.1\\bc-cms\\vendor\\laravel\\framework\\src\\Illuminate\\Foundation\\Console\\ServeCommand.php(129): Illuminate\\Foundation\\Console\\ServeCommand->startProcess(true)
#2 D:\\Booking Core v4.0.1\\Booking Core v4.0.1\\booking-core4.0.1\\bc-cms\\vendor\\laravel\\framework\\src\\Illuminate\\Container\\BoundMethod.php(36): Illuminate\\Foundation\\Console\\ServeCommand->handle()
#3 D:\\Booking Core v4.0.1\\Booking Core v4.0.1\\booking-core4.0.1\\bc-cms\\vendor\\laravel\\framework\\src\\Illuminate\\Container\\Util.php(43): Illuminate\\Container\\BoundMethod::Illuminate\\Container\\{closure}()
#4 D:\\Booking Core v4.0.1\\Booking Core v4.0.1\\booking-core4.0.1\\bc-cms\\vendor\\laravel\\framework\\src\\Illuminate\\Container\\BoundMethod.php(96): Illuminate\\Container\\Util::unwrapIfClosure(Object(Closure))
#5 D:\\Booking Core v4.0.1\\Booking Core v4.0.1\\booking-core4.0.1\\bc-cms\\vendor\\laravel\\framework\\src\\Illuminate\\Container\\BoundMethod.php(35): Illuminate\\Container\\BoundMethod::callBoundMethod(Object(Illuminate\\Foundation\\Application), Array, Object(Closure))
#6 D:\\Booking Core v4.0.1\\Booking Core v4.0.1\\booking-core4.0.1\\bc-cms\\vendor\\laravel\\framework\\src\\Illuminate\\Container\\Container.php(754): Illuminate\\Container\\BoundMethod::call(Object(Illuminate\\Foundation\\Application), Array, Array, NULL)
#7 D:\\Booking Core v4.0.1\\Booking Core v4.0.1\\booking-core4.0.1\\bc-cms\\vendor\\laravel\\framework\\src\\Illuminate\\Console\\Command.php(211): Illuminate\\Container\\Container->call(Array)
#8 D:\\Booking Core v4.0.1\\Booking Core v4.0.1\\booking-core4.0.1\\bc-cms\\vendor\\symfony\\console\\Command\\Command.php(318): Illuminate\\Console\\Command->execute(Object(Symfony\\Component\\Console\\Input\\ArgvInput), Object(Illuminate\\Console\\OutputStyle))
#9 D:\\Booking Core v4.0.1\\Booking Core v4.0.1\\booking-core4.0.1\\bc-cms\\vendor\\laravel\\framework\\src\\Illuminate\\Console\\Command.php(180): Symfony\\Component\\Console\\Command\\Command->run(Object(Symfony\\Component\\Console\\Input\\ArgvInput), Object(Illuminate\\Console\\OutputStyle))
#10 D:\\Booking Core v4.0.1\\Booking Core v4.0.1\\booking-core4.0.1\\bc-cms\\vendor\\symfony\\console\\Application.php(1092): Illuminate\\Console\\Command->run(Object(Symfony\\Component\\Console\\Input\\ArgvInput), Object(Symfony\\Component\\Console\\Output\\ConsoleOutput))
#11 D:\\Booking Core v4.0.1\\Booking Core v4.0.1\\booking-core4.0.1\\bc-cms\\vendor\\symfony\\console\\Application.php(341): Symfony\\Component\\Console\\Application->doRunCommand(Object(Illuminate\\Foundation\\Console\\ServeCommand), Object(Symfony\\Component\\Console\\Input\\ArgvInput), Object(Symfony\\Component\\Console\\Output\\ConsoleOutput))
#12 D:\\Booking Core v4.0.1\\Booking Core v4.0.1\\booking-core4.0.1\\bc-cms\\vendor\\symfony\\console\\Application.php(192): Symfony\\Component\\Console\\Application->doRun(Object(Symfony\\Component\\Console\\Input\\ArgvInput), Object(Symfony\\Component\\Console\\Output\\ConsoleOutput))
#13 D:\\Booking Core v4.0.1\\Booking Core v4.0.1\\booking-core4.0.1\\bc-cms\\vendor\\laravel\\framework\\src\\Illuminate\\Foundation\\Console\\Kernel.php(197): Symfony\\Component\\Console\\Application->run(Object(Symfony\\Component\\Console\\Input\\ArgvInput), Object(Symfony\\Component\\Console\\Output\\ConsoleOutput))
#14 D:\\Booking Core v4.0.1\\Booking Core v4.0.1\\booking-core4.0.1\\bc-cms\\vendor\\laravel\\framework\\src\\Illuminate\\Foundation\\Application.php(1234): Illuminate\\Foundation\\Console\\Kernel->handle(Object(Symfony\\Component\\Console\\Input\\ArgvInput), Object(Symfony\\Component\\Console\\Output\\ConsoleOutput))
#15 D:\\Booking Core v4.0.1\\Booking Core v4.0.1\\booking-core4.0.1\\bc-cms\\artisan(19): Illuminate\\Foundation\\Application->handleCommand(Object(Symfony\\Component\\Console\\Input\\ArgvInput))
#16 {main}
"} 
[2026-04-07 02:09:40] production.ERROR: The provided cwd "D:\Booking Core v4.0.1\Booking Core v4.0.1\booking-core4.0.1\bc-cms/../public_html" does not exist. {"exception":"[object] (Symfony\\Component\\Process\\Exception\\RuntimeException(code: 0): The provided cwd \"D:\\Booking Core v4.0.1\\Booking Core v4.0.1\\booking-core4.0.1\\bc-cms/../public_html\" does not exist. at D:\\Booking Core v4.0.1\\Booking Core v4.0.1\\booking-core4.0.1\\bc-cms\\vendor\\symfony\\process\\Process.php:341)
[stacktrace]
#0 D:\\Booking Core v4.0.1\\Booking Core v4.0.1\\booking-core4.0.1\\bc-cms\\vendor\\laravel\\framework\\src\\Illuminate\\Foundation\\Console\\ServeCommand.php(190): Symfony\\Component\\Process\\Process->start(Object(Closure))
#1 D:\\Booking Core v4.0.1\\Booking Core v4.0.1\\booking-core4.0.1\\bc-cms\\vendor\\laravel\\framework\\src\\Illuminate\\Foundation\\Console\\ServeCommand.php(129): Illuminate\\Foundation\\Console\\ServeCommand->startProcess(true)
#2 D:\\Booking Core v4.0.1\\Booking Core v4.0.1\\booking-core4.0.1\\bc-cms\\vendor\\laravel\\framework\\src\\Illuminate\\Container\\BoundMethod.php(36): Illuminate\\Foundation\\Console\\ServeCommand->handle()
#3 D:\\Booking Core v4.0.1\\Booking Core v4.0.1\\booking-core4.0.1\\bc-cms\\vendor\\laravel\\framework\\src\\Illuminate\\Container\\Util.php(43): Illuminate\\Container\\BoundMethod::Illuminate\\Container\\{closure}()
#4 D:\\Booking Core v4.0.1\\Booking Core v4.0.1\\booking-core4.0.1\\bc-cms\\vendor\\laravel\\framework\\src\\Illuminate\\Container\\BoundMethod.php(96): Illuminate\\Container\\Util::unwrapIfClosure(Object(Closure))
#5 D:\\Booking Core v4.0.1\\Booking Core v4.0.1\\booking-core4.0.1\\bc-cms\\vendor\\laravel\\framework\\src\\Illuminate\\Container\\BoundMethod.php(35): Illuminate\\Container\\BoundMethod::callBoundMethod(Object(Illuminate\\Foundation\\Application), Array, Object(Closure))
#6 D:\\Booking Core v4.0.1\\Booking Core v4.0.1\\booking-core4.0.1\\bc-cms\\vendor\\laravel\\framework\\src\\Illuminate\\Container\\Container.php(754): Illuminate\\Container\\BoundMethod::call(Object(Illuminate\\Foundation\\Application), Array, Array, NULL)
#7 D:\\Booking Core v4.0.1\\Booking Core v4.0.1\\booking-core4.0.1\\bc-cms\\vendor\\laravel\\framework\\src\\Illuminate\\Console\\Command.php(211): Illuminate\\Container\\Container->call(Array)
#8 D:\\Booking Core v4.0.1\\Booking Core v4.0.1\\booking-core4.0.1\\bc-cms\\vendor\\symfony\\console\\Command\\Command.php(318): Illuminate\\Console\\Command->execute(Object(Symfony\\Component\\Console\\Input\\ArgvInput), Object(Illuminate\\Console\\OutputStyle))
#9 D:\\Booking Core v4.0.1\\Booking Core v4.0.1\\booking-core4.0.1\\bc-cms\\vendor\\laravel\\framework\\src\\Illuminate\\Console\\Command.php(180): Symfony\\Component\\Console\\Command\\Command->run(Object(Symfony\\Component\\Console\\Input\\ArgvInput), Object(Illuminate\\Console\\OutputStyle))
#10 D:\\Booking Core v4.0.1\\Booking Core v4.0.1\\booking-core4.0.1\\bc-cms\\vendor\\symfony\\console\\Application.php(1092): Illuminate\\Console\\Command->run(Object(Symfony\\Component\\Console\\Input\\ArgvInput), Object(Symfony\\Component\\Console\\Output\\ConsoleOutput))
#11 D:\\Booking Core v4.0.1\\Booking Core v4.0.1\\booking-core4.0.1\\bc-cms\\vendor\\symfony\\console\\Application.php(341): Symfony\\Component\\Console\\Application->doRunCommand(Object(Illuminate\\Foundation\\Console\\ServeCommand), Object(Symfony\\Component\\Console\\Input\\ArgvInput), Object(Symfony\\Component\\Console\\Output\\ConsoleOutput))
#12 D:\\Booking Core v4.0.1\\Booking Core v4.0.1\\booking-core4.0.1\\bc-cms\\vendor\\symfony\\console\\Application.php(192): Symfony\\Component\\Console\\Application->doRun(Object(Symfony\\Component\\Console\\Input\\ArgvInput), Object(Symfony\\Component\\Console\\Output\\ConsoleOutput))
#13 D:\\Booking Core v4.0.1\\Booking Core v4.0.1\\booking-core4.0.1\\bc-cms\\vendor\\laravel\\framework\\src\\Illuminate\\Foundation\\Console\\Kernel.php(197): Symfony\\Component\\Console\\Application->run(Object(Symfony\\Component\\Console\\Input\\ArgvInput), Object(Symfony\\Component\\Console\\Output\\ConsoleOutput))
#14 D:\\Booking Core v4.0.1\\Booking Core v4.0.1\\booking-core4.0.1\\bc-cms\\vendor\\laravel\\framework\\src\\Illuminate\\Foundation\\Application.php(1234): Illuminate\\Foundation\\Console\\Kernel->handle(Object(Symfony\\Component\\Console\\Input\\ArgvInput), Object(Symfony\\Component\\Console\\Output\\ConsoleOutput))
#15 D:\\Booking Core v4.0.1\\Booking Core v4.0.1\\booking-core4.0.1\\bc-cms\\artisan(19): Illuminate\\Foundation\\Application->handleCommand(Object(Symfony\\Component\\Console\\Input\\ArgvInput))
#16 {main}
"} 
[2026-04-07 02:12:13] production.ERROR: The command "C:\xampp\php\php.exe -S 127.0.0.1:8000 "D:\Booking Core v4.0.1\Booking Core v4.0.1\booking-core4.0.1\bc-cms\server.php"" failed.

Working directory: D:\Booking Core v4.0.1\Booking Core v4.0.1\booking-core4.0.1\bc-cms/../public_html

Error: proc_open(): CreateProcess failed, error code: 267 {"exception":"[object] (Symfony\\Component\\Process\\Exception\\ProcessStartFailedException(code: 0): The command \"C:\\xampp\\php\\php.exe -S 127.0.0.1:8000 \"D:\\Booking Core v4.0.1\\Booking Core v4.0.1\\booking-core4.0.1\\bc-cms\\server.php\"\" failed.

Working directory: D:\\Booking Core v4.0.1\\Booking Core v4.0.1\\booking-core4.0.1\\bc-cms/../public_html

Error: proc_open(): CreateProcess failed, error code: 267 at D:\\Booking Core v4.0.1\\Booking Core v4.0.1\\booking-core4.0.1\\bc-cms\\vendor\\symfony\\process\\Process.php:374)
[stacktrace]
#0 D:\\Booking Core v4.0.1\\Booking Core v4.0.1\\booking-core4.0.1\\bc-cms\\vendor\\laravel\\framework\\src\\Illuminate\\Foundation\\Console\\ServeCommand.php(190): Symfony\\Component\\Process\\Process->start(Object(Closure))
#1 D:\\Booking Core v4.0.1\\Booking Core v4.0.1\\booking-core4.0.1\\bc-cms\\vendor\\laravel\\framework\\src\\Illuminate\\Foundation\\Console\\ServeCommand.php(129): Illuminate\\Foundation\\Console\\ServeCommand->startProcess(true)
#2 D:\\Booking Core v4.0.1\\Booking Core v4.0.1\\booking-core4.0.1\\bc-cms\\vendor\\laravel\\framework\\src\\Illuminate\\Container\\BoundMethod.php(36): Illuminate\\Foundation\\Console\\ServeCommand->handle()
#3 D:\\Booking Core v4.0.1\\Booking Core v4.0.1\\booking-core4.0.1\\bc-cms\\vendor\\laravel\\framework\\src\\Illuminate\\Container\\Util.php(43): Illuminate\\Container\\BoundMethod::Illuminate\\Container\\{closure}()
#4 D:\\Booking Core v4.0.1\\Booking Core v4.0.1\\booking-core4.0.1\\bc-cms\\vendor\\laravel\\framework\\src\\Illuminate\\Container\\BoundMethod.php(96): Illuminate\\Container\\Util::unwrapIfClosure(Object(Closure))
#5 D:\\Booking Core v4.0.1\\Booking Core v4.0.1\\booking-core4.0.1\\bc-cms\\vendor\\laravel\\framework\\src\\Illuminate\\Container\\BoundMethod.php(35): Illuminate\\Container\\BoundMethod::callBoundMethod(Object(Illuminate\\Foundation\\Application), Array, Object(Closure))
#6 D:\\Booking Core v4.0.1\\Booking Core v4.0.1\\booking-core4.0.1\\bc-cms\\vendor\\laravel\\framework\\src\\Illuminate\\Container\\Container.php(754): Illuminate\\Container\\BoundMethod::call(Object(Illuminate\\Foundation\\Application), Array, Array, NULL)
#7 D:\\Booking Core v4.0.1\\Booking Core v4.0.1\\booking-core4.0.1\\bc-cms\\vendor\\laravel\\framework\\src\\Illuminate\\Console\\Command.php(211): Illuminate\\Container\\Container->call(Array)
#8 D:\\Booking Core v4.0.1\\Booking Core v4.0.1\\booking-core4.0.1\\bc-cms\\vendor\\symfony\\console\\Command\\Command.php(318): Illuminate\\Console\\Command->execute(Object(Symfony\\Component\\Console\\Input\\ArgvInput), Object(Illuminate\\Console\\OutputStyle))
#9 D:\\Booking Core v4.0.1\\Booking Core v4.0.1\\booking-core4.0.1\\bc-cms\\vendor\\laravel\\framework\\src\\Illuminate\\Console\\Command.php(180): Symfony\\Component\\Console\\Command\\Command->run(Object(Symfony\\Component\\Console\\Input\\ArgvInput), Object(Illuminate\\Console\\OutputStyle))
#10 D:\\Booking Core v4.0.1\\Booking Core v4.0.1\\booking-core4.0.1\\bc-cms\\vendor\\symfony\\console\\Application.php(1092): Illuminate\\Console\\Command->run(Object(Symfony\\Component\\Console\\Input\\ArgvInput), Object(Symfony\\Component\\Console\\Output\\ConsoleOutput))
#11 D:\\Booking Core v4.0.1\\Booking Core v4.0.1\\booking-core4.0.1\\bc-cms\\vendor\\symfony\\console\\Application.php(341): Symfony\\Component\\Console\\Application->doRunCommand(Object(Illuminate\\Foundation\\Console\\ServeCommand), Object(Symfony\\Component\\Console\\Input\\ArgvInput), Object(Symfony\\Component\\Console\\Output\\ConsoleOutput))
#12 D:\\Booking Core v4.0.1\\Booking Core v4.0.1\\booking-core4.0.1\\bc-cms\\vendor\\symfony\\console\\Application.php(192): Symfony\\Component\\Console\\Application->doRun(Object(Symfony\\Component\\Console\\Input\\ArgvInput), Object(Symfony\\Component\\Console\\Output\\ConsoleOutput))
#13 D:\\Booking Core v4.0.1\\Booking Core v4.0.1\\booking-core4.0.1\\bc-cms\\vendor\\laravel\\framework\\src\\Illuminate\\Foundation\\Console\\Kernel.php(197): Symfony\\Component\\Console\\Application->run(Object(Symfony\\Component\\Console\\Input\\ArgvInput), Object(Symfony\\Component\\Console\\Output\\ConsoleOutput))
#14 D:\\Booking Core v4.0.1\\Booking Core v4.0.1\\booking-core4.0.1\\bc-cms\\vendor\\laravel\\framework\\src\\Illuminate\\Foundation\\Application.php(1234): Illuminate\\Foundation\\Console\\Kernel->handle(Object(Symfony\\Component\\Console\\Input\\ArgvInput), Object(Symfony\\Component\\Console\\Output\\ConsoleOutput))
#15 D:\\Booking Core v4.0.1\\Booking Core v4.0.1\\booking-core4.0.1\\bc-cms\\artisan(19): Illuminate\\Foundation\\Application->handleCommand(Object(Symfony\\Component\\Console\\Input\\ArgvInput))
#16 {main}
"} 
[2026-04-07 02:16:02] production.ERROR: The provided cwd "D:\Booking Core v4.0.1\Booking Core v4.0.1\booking-core4.0.1\bc-cms/../public_html" does not exist. {"exception":"[object] (Symfony\\Component\\Process\\Exception\\RuntimeException(code: 0): The provided cwd \"D:\\Booking Core v4.0.1\\Booking Core v4.0.1\\booking-core4.0.1\\bc-cms/../public_html\" does not exist. at D:\\Booking Core v4.0.1\\Booking Core v4.0.1\\booking-core4.0.1\\bc-cms\\vendor\\symfony\\process\\Process.php:341)
[stacktrace]
#0 D:\\Booking Core v4.0.1\\Booking Core v4.0.1\\booking-core4.0.1\\bc-cms\\vendor\\laravel\\framework\\src\\Illuminate\\Foundation\\Console\\ServeCommand.php(190): Symfony\\Component\\Process\\Process->start(Object(Closure))
#1 D:\\Booking Core v4.0.1\\Booking Core v4.0.1\\booking-core4.0.1\\bc-cms\\vendor\\laravel\\framework\\src\\Illuminate\\Foundation\\Console\\ServeCommand.php(129): Illuminate\\Foundation\\Console\\ServeCommand->startProcess(true)
#2 D:\\Booking Core v4.0.1\\Booking Core v4.0.1\\booking-core4.0.1\\bc-cms\\vendor\\laravel\\framework\\src\\Illuminate\\Container\\BoundMethod.php(36): Illuminate\\Foundation\\Console\\ServeCommand->handle()
#3 D:\\Booking Core v4.0.1\\Booking Core v4.0.1\\booking-core4.0.1\\bc-cms\\vendor\\laravel\\framework\\src\\Illuminate\\Container\\Util.php(43): Illuminate\\Container\\BoundMethod::Illuminate\\Container\\{closure}()
#4 D:\\Booking Core v4.0.1\\Booking Core v4.0.1\\booking-core4.0.1\\bc-cms\\vendor\\laravel\\framework\\src\\Illuminate\\Container\\BoundMethod.php(96): Illuminate\\Container\\Util::unwrapIfClosure(Object(Closure))
#5 D:\\Booking Core v4.0.1\\Booking Core v4.0.1\\booking-core4.0.1\\bc-cms\\vendor\\laravel\\framework\\src\\Illuminate\\Container\\BoundMethod.php(35): Illuminate\\Container\\BoundMethod::callBoundMethod(Object(Illuminate\\Foundation\\Application), Array, Object(Closure))
#6 D:\\Booking Core v4.0.1\\Booking Core v4.0.1\\booking-core4.0.1\\bc-cms\\vendor\\laravel\\framework\\src\\Illuminate\\Container\\Container.php(754): Illuminate\\Container\\BoundMethod::call(Object(Illuminate\\Foundation\\Application), Array, Array, NULL)
#7 D:\\Booking Core v4.0.1\\Booking Core v4.0.1\\booking-core4.0.1\\bc-cms\\vendor\\laravel\\framework\\src\\Illuminate\\Console\\Command.php(211): Illuminate\\Container\\Container->call(Array)
#8 D:\\Booking Core v4.0.1\\Booking Core v4.0.1\\booking-core4.0.1\\bc-cms\\vendor\\symfony\\console\\Command\\Command.php(318): Illuminate\\Console\\Command->execute(Object(Symfony\\Component\\Console\\Input\\ArgvInput), Object(Illuminate\\Console\\OutputStyle))
#9 D:\\Booking Core v4.0.1\\Booking Core v4.0.1\\booking-core4.0.1\\bc-cms\\vendor\\laravel\\framework\\src\\Illuminate\\Console\\Command.php(180): Symfony\\Component\\Console\\Command\\Command->run(Object(Symfony\\Component\\Console\\Input\\ArgvInput), Object(Illuminate\\Console\\OutputStyle))
#10 D:\\Booking Core v4.0.1\\Booking Core v4.0.1\\booking-core4.0.1\\bc-cms\\vendor\\symfony\\console\\Application.php(1092): Illuminate\\Console\\Command->run(Object(Symfony\\Component\\Console\\Input\\ArgvInput), Object(Symfony\\Component\\Console\\Output\\ConsoleOutput))
#11 D:\\Booking Core v4.0.1\\Booking Core v4.0.1\\booking-core4.0.1\\bc-cms\\vendor\\symfony\\console\\Application.php(341): Symfony\\Component\\Console\\Application->doRunCommand(Object(Illuminate\\Foundation\\Console\\ServeCommand), Object(Symfony\\Component\\Console\\Input\\ArgvInput), Object(Symfony\\Component\\Console\\Output\\ConsoleOutput))
#12 D:\\Booking Core v4.0.1\\Booking Core v4.0.1\\booking-core4.0.1\\bc-cms\\vendor\\symfony\\console\\Application.php(192): Symfony\\Component\\Console\\Application->doRun(Object(Symfony\\Component\\Console\\Input\\ArgvInput), Object(Symfony\\Component\\Console\\Output\\ConsoleOutput))
#13 D:\\Booking Core v4.0.1\\Booking Core v4.0.1\\booking-core4.0.1\\bc-cms\\vendor\\laravel\\framework\\src\\Illuminate\\Foundation\\Console\\Kernel.php(197): Symfony\\Component\\Console\\Application->run(Object(Symfony\\Component\\Console\\Input\\ArgvInput), Object(Symfony\\Component\\Console\\Output\\ConsoleOutput))
#14 D:\\Booking Core v4.0.1\\Booking Core v4.0.1\\booking-core4.0.1\\bc-cms\\vendor\\laravel\\framework\\src\\Illuminate\\Foundation\\Application.php(1234): Illuminate\\Foundation\\Console\\Kernel->handle(Object(Symfony\\Component\\Console\\Input\\ArgvInput), Object(Symfony\\Component\\Console\\Output\\ConsoleOutput))
#15 D:\\Booking Core v4.0.1\\Booking Core v4.0.1\\booking-core4.0.1\\bc-cms\\artisan(19): Illuminate\\Foundation\\Application->handleCommand(Object(Symfony\\Component\\Console\\Input\\ArgvInput))
#16 {main}
"} 
